<?xml version="1.0" encoding="UTF-8"?>
<testsuite name="model.ParticipantTest" tests="1" skipped="0" failures="0" errors="0" timestamp="2022-03-12T00:16:19" hostname="DESKTOP-RPSMHMT" time="0.035">
  <properties/>
  <testcase name="Test Participant" classname="model.ParticipantTest" time="0.035"/>
  <system-out><![CDATA[]]></system-out>
  <system-err><![CDATA[]]></system-err>
</testsuite>
