<?xml version="1.0" encoding="UTF-8"?>
<testsuite name="repository.ParticipantDbTest" tests="1" skipped="0" failures="0" errors="0" timestamp="2022-03-17T14:35:31" hostname="DESKTOP-RPSMHMT" time="1.289">
  <properties/>
  <testcase name="Test Participant Db" classname="repository.ParticipantDbTest" time="1.289"/>
  <system-out><![CDATA[]]></system-out>
  <system-err><![CDATA[]]></system-err>
</testsuite>
