<?xml version="1.0" encoding="UTF-8"?>
<testsuite name="repository.UserDbTest" tests="1" skipped="0" failures="0" errors="0" timestamp="2022-03-17T14:35:33" hostname="DESKTOP-RPSMHMT" time="0.006">
  <properties/>
  <testcase name="Test User Db" classname="repository.UserDbTest" time="0.006"/>
  <system-out><![CDATA[]]></system-out>
  <system-err><![CDATA[]]></system-err>
</testsuite>
