<?xml version="1.0" encoding="UTF-8"?>
<testsuite name="repository.UserDbTest" tests="1" skipped="0" failures="0" errors="0" timestamp="2022-03-25T22:18:50" hostname="DESKTOP-RPSMHMT" time="0.013">
  <properties/>
  <testcase name="Test User Db" classname="repository.UserDbTest" time="0.013"/>
  <system-out><![CDATA[]]></system-out>
  <system-err><![CDATA[]]></system-err>
</testsuite>
